{
    "all_optimizers": 0.000374172,
    "cumulative_optimizer_timing": 0.00037374099999999997,
    "planner": 0.000447714,
    "planner_binding": 0.000445841,
    "physical_planner": 0.000042941,
    "physical_planner_column_binding": 0.000006772,
    "physical_planner_resolve_types": 8.01e-7,
    "physical_planner_create_plan": 0.000032263,
    "optimizer_common_subexpressions": 0.000022568,
    "optimizer_statistics_propagation": 0.000068344,
    "optimizer_unused_columns": 0.000013633,
    "optimizer_unnest_rewriter": 0.000001202,
    "optimizer_deliminator": 7.51e-7,
    "optimizer_join_order": 0.000093816,
    "optimizer_in_clause": 0.000001483,
    "optimizer_regex_range": 4.1e-7,
    "optimizer_cte_filter_pusher": 0.000001592,
    "optimizer_empty_result_pullup": 0.000001082,
    "optimizer_filter_pushdown": 0.000054019,
    "optimizer_filter_pullup": 0.000003696,
    "optimizer_expression_rewriter": 0.000055091,
    "optimizer_common_aggregate": 0.000003466,
    "optimizer_column_lifetime": 0.000016428,
    "optimizer_build_side_probe_side": 0.000009436,
    "optimizer_limit_pushdown": 6.81e-7,
    "cumulative_rows_scanned": 22713392,
    "cumulative_cardinality": 4781520,
    "extra_info": {},
    "cpu_time": 0.27370412399999994,
    "system_peak_temp_dir_size": 0,
    "optimizer_compressed_materialization": 0.0,
    "system_peak_buffer_memory": 60516352,
    "optimizer_top_n": 8.21e-7,
    "blocked_thread_time": 0.0,
    "query_name": "\nSELECT \n    time_bucket(INTERVAL '1m', h.ts) AS time_interval,\n    AVG(h.HR) AS interval_HR, \n    MAX(p.steps) - MIN(p.steps) AS interval_steps,\n    MAX(p.calories) - MIN(p.calories) AS interval_calories,\n    CASE WHEN interval_steps < 10 AND interval_HR > (SELECT AVG(HR) + STDDEV(HR) FROM hrm) THEN 1 ELSE 0 END AS anomaly_flag\nFROM hrm AS h\nJOIN ped AS p\n    ON strftime(time_bucket(INTERVAL '1m', h.ts), '%A, %-d %B %Y - %I:%M:%S %p') = strftime(time_bucket(INTERVAL '1m', p.ts), '%A, %-d %B %Y - %I:%M:%S %p')\nGROUP BY time_bucket(INTERVAL '1m', h.ts)\nORDER BY time_bucket(INTERVAL '1m', h.ts);\n",
    "result_set_size": 187200,
    "latency": 0.04355645,
    "rows_returned": 5200,
    "total_bytes_read": 0,
    "optimizer_duplicate_groups": 0.000005209,
    "total_bytes_written": 0,
    "optimizer_reorder_filter": 0.000004427,
    "optimizer_cte_inlining": 0.0000013729999999999998,
    "optimizer_late_materialization": 0.000004327,
    "optimizer_sum_rewriter": 0.000006941,
    "optimizer_materialized_cte": 0.0,
    "optimizer_extension": 0.0,
    "optimizer_join_filter_pushdown": 0.000002745,
    "optimizer_sampling_pushdown": 2e-7,
    "children": [
        {
            "operator_timing": 0.000003646,
            "operator_rows_scanned": 0,
            "cumulative_rows_scanned": 22713392,
            "operator_cardinality": 5200,
            "operator_type": "PROJECTION",
            "cumulative_cardinality": 4781520,
            "extra_info": {
                "Projections": [
                    "#0",
                    "#1",
                    "#2",
                    "#3",
                    "__internal_decompress_integral_integer(#4, 0)"
                ],
                "Estimated Cardinality": "7266"
            },
            "cpu_time": 0.27370412399999994,
            "operator_name": "PROJECTION",
            "result_set_size": 187200,
            "total_bytes_read": 0,
            "total_bytes_written": 0,
            "children": [
                {
                    "operator_timing": 0.001698133,
                    "operator_rows_scanned": 0,
                    "cumulative_rows_scanned": 22713392,
                    "operator_cardinality": 5200,
                    "operator_type": "ORDER_BY",
                    "cumulative_cardinality": 4776320,
                    "extra_info": {
                        "Order By": "time_bucket(CAST('1m' AS INTERVAL), h.ts) ASC"
                    },
                    "cpu_time": 0.2737004779999999,
                    "operator_name": "ORDER_BY",
                    "result_set_size": 171600,
                    "total_bytes_read": 0,
                    "total_bytes_written": 0,
                    "children": [
                        {
                            "operator_timing": 0.000033203,
                            "operator_rows_scanned": 0,
                            "cumulative_rows_scanned": 22713392,
                            "operator_cardinality": 5200,
                            "operator_type": "PROJECTION",
                            "cumulative_cardinality": 4771120,
                            "extra_info": {
                                "Projections": [
                                    "#0",
                                    "#1",
                                    "#2",
                                    "#3",
                                    "__internal_compress_integral_utinyint(#4, 0)"
                                ],
                                "Estimated Cardinality": "7266"
                            },
                            "cpu_time": 0.2720023449999999,
                            "operator_name": "PROJECTION",
                            "result_set_size": 171600,
                            "total_bytes_read": 0,
                            "total_bytes_written": 0,
                            "children": [
                                {
                                    "operator_timing": 0.00031627299999999994,
                                    "operator_rows_scanned": 0,
                                    "cumulative_rows_scanned": 22713392,
                                    "operator_cardinality": 5200,
                                    "operator_type": "PROJECTION",
                                    "cumulative_cardinality": 4765920,
                                    "extra_info": {
                                        "Projections": [
                                            "time_interval",
                                            "interval_HR",
                                            "interval_steps",
                                            "interval_calories",
                                            "anomaly_flag"
                                        ],
                                        "Estimated Cardinality": "7266"
                                    },
                                    "cpu_time": 0.27196914199999994,
                                    "operator_name": "PROJECTION",
                                    "result_set_size": 187200,
                                    "total_bytes_read": 0,
                                    "total_bytes_written": 0,
                                    "children": [
                                        {
                                            "operator_timing": 0.00012706099999999998,
                                            "operator_rows_scanned": 0,
                                            "cumulative_rows_scanned": 22713392,
                                            "operator_cardinality": 5200,
                                            "operator_type": "PROJECTION",
                                            "cumulative_cardinality": 4760720,
                                            "extra_info": {
                                                "Projections": [
                                                    "time_interval",
                                                    "interval_HR",
                                                    "interval_steps",
                                                    "max(calories)",
                                                    "min(calories)",
                                                    "SUBQUERY"
                                                ],
                                                "Estimated Cardinality": "7266"
                                            },
                                            "cpu_time": 0.27165286899999996,
                                            "operator_name": "PROJECTION",
                                            "result_set_size": 249600,
                                            "total_bytes_read": 0,
                                            "total_bytes_written": 0,
                                            "children": [
                                                {
                                                    "operator_timing": 0.0003338510000000001,
                                                    "operator_rows_scanned": 0,
                                                    "cumulative_rows_scanned": 22713392,
                                                    "operator_cardinality": 5200,
                                                    "operator_type": "CROSS_PRODUCT",
                                                    "cumulative_cardinality": 4755520,
                                                    "extra_info": {},
                                                    "cpu_time": 0.271525808,
                                                    "operator_name": "CROSS_PRODUCT",
                                                    "result_set_size": 291200,
                                                    "total_bytes_read": 0,
                                                    "total_bytes_written": 0,
                                                    "children": [
                                                        {
                                                            "operator_timing": 0.030966555999999996,
                                                            "operator_rows_scanned": 0,
                                                            "cumulative_rows_scanned": 11361842,
                                                            "operator_cardinality": 5200,
                                                            "operator_type": "HASH_GROUP_BY",
                                                            "cumulative_cardinality": 2480005,
                                                            "extra_info": {
                                                                "Groups": "#0",
                                                                "Aggregates": [
                                                                    "avg(#1)",
                                                                    "max(#2)",
                                                                    "min(#3)",
                                                                    "max(#4)",
                                                                    "min(#5)"
                                                                ],
                                                                "Estimated Cardinality": "7266"
                                                            },
                                                            "cpu_time": 0.260215521,
                                                            "operator_name": "HASH_GROUP_BY",
                                                            "result_set_size": 249600,
                                                            "total_bytes_read": 0,
                                                            "total_bytes_written": 0,
                                                            "children": [
                                                                {
                                                                    "operator_timing": 0.017348011,
                                                                    "operator_rows_scanned": 0,
                                                                    "cumulative_rows_scanned": 11361842,
                                                                    "operator_cardinality": 664679,
                                                                    "operator_type": "PROJECTION",
                                                                    "cumulative_cardinality": 2474805,
                                                                    "extra_info": {
                                                                        "Projections": [
                                                                            "time_bucket('00:01:00'::INTERVAL, CAST(ts AS TIMESTAMP))",
                                                                            "HR",
                                                                            "steps",
                                                                            "steps",
                                                                            "calories",
                                                                            "calories"
                                                                        ],
                                                                        "Estimated Cardinality": "14533"
                                                                    },
                                                                    "cpu_time": 0.229248965,
                                                                    "operator_name": "PROJECTION",
                                                                    "result_set_size": 31904592,
                                                                    "total_bytes_read": 0,
                                                                    "total_bytes_written": 0,
                                                                    "children": [
                                                                        {
                                                                            "operator_timing": 0.207615719,
                                                                            "operator_rows_scanned": 0,
                                                                            "cumulative_rows_scanned": 11361842,
                                                                            "operator_cardinality": 664679,
                                                                            "operator_type": "HASH_JOIN",
                                                                            "cumulative_cardinality": 1810126,
                                                                            "extra_info": {
                                                                                "Join Type": "INNER",
                                                                                "Conditions": "strftime(time_bucket('00:01:00'::INTERVAL, CAST(ts AS TIMESTAMP)), '%A, %-d %B %Y - %I:%M:%S %p') = strftime(time_bucket('00:01:00'::INTERVAL, CAST(ts AS TIMESTAMP)), '%A, %-d %B %Y - %I:%M:%S %p')",
                                                                                "Estimated Cardinality": "14533"
                                                                            },
                                                                            "cpu_time": 0.211900954,
                                                                            "operator_name": "HASH_JOIN",
                                                                            "result_set_size": 21269728,
                                                                            "total_bytes_read": 0,
                                                                            "total_bytes_written": 0,
                                                                            "children": [
                                                                                {
                                                                                    "operator_timing": 0.004209811999999999,
                                                                                    "operator_rows_scanned": 11351550,
                                                                                    "cumulative_rows_scanned": 11351550,
                                                                                    "operator_cardinality": 1135155,
                                                                                    "operator_type": "TABLE_SCAN",
                                                                                    "cumulative_cardinality": 1135155,
                                                                                    "extra_info": {
                                                                                        "Table": "hrm",
                                                                                        "Type": "Sequential Scan",
                                                                                        "Projections": [
                                                                                            "ts",
                                                                                            "HR"
                                                                                        ],
                                                                                        "Estimated Cardinality": "1135155"
                                                                                    },
                                                                                    "cpu_time": 0.004209811999999999,
                                                                                    "operator_name": "SEQ_SCAN ",
                                                                                    "result_set_size": 18162480,
                                                                                    "total_bytes_read": 0,
                                                                                    "total_bytes_written": 0,
                                                                                    "children": []
                                                                                },
                                                                                {
                                                                                    "operator_timing": 0.000075423,
                                                                                    "operator_rows_scanned": 10292,
                                                                                    "cumulative_rows_scanned": 10292,
                                                                                    "operator_cardinality": 10292,
                                                                                    "operator_type": "TABLE_SCAN",
                                                                                    "cumulative_cardinality": 10292,
                                                                                    "extra_info": {
                                                                                        "Table": "ped",
                                                                                        "Type": "Sequential Scan",
                                                                                        "Projections": [
                                                                                            "ts",
                                                                                            "steps",
                                                                                            "calories"
                                                                                        ],
                                                                                        "Estimated Cardinality": "10292"
                                                                                    },
                                                                                    "cpu_time": 0.000075423,
                                                                                    "operator_name": "SEQ_SCAN ",
                                                                                    "result_set_size": 247008,
                                                                                    "total_bytes_read": 0,
                                                                                    "total_bytes_written": 0,
                                                                                    "children": []
                                                                                }
                                                                            ]
                                                                        }
                                                                    ]
                                                                }
                                                            ]
                                                        },
                                                        {
                                                            "operator_timing": 0.000003716,
                                                            "operator_rows_scanned": 0,
                                                            "cumulative_rows_scanned": 11351550,
                                                            "operator_cardinality": 1,
                                                            "operator_type": "PROJECTION",
                                                            "cumulative_cardinality": 2270315,
                                                            "extra_info": {
                                                                "Projections": [
                                                                    "CASE  WHEN ((#1 > 1)) THEN (\"error\"('More than one row returned by a subquery used as an expression - scalar subqueries can only return a single row.",
                                                                    "Use \"SET scalar_subquery_error_on_multiple_rows=false\" to revert to previous behavior of returning a random row.')) ELSE #0 END"
                                                                ],
                                                                "Estimated Cardinality": "1"
                                                            },
                                                            "cpu_time": 0.010976436000000003,
                                                            "operator_name": "PROJECTION",
                                                            "result_set_size": 8,
                                                            "total_bytes_read": 0,
                                                            "total_bytes_written": 0,
                                                            "children": [
                                                                {
                                                                    "operator_timing": 0.0000023639999999999997,
                                                                    "operator_rows_scanned": 0,
                                                                    "cumulative_rows_scanned": 11351550,
                                                                    "operator_cardinality": 1,
                                                                    "operator_type": "UNGROUPED_AGGREGATE",
                                                                    "cumulative_cardinality": 2270314,
                                                                    "extra_info": {
                                                                        "Aggregates": [
                                                                            "\"first\"(#0)",
                                                                            "count_star()"
                                                                        ]
                                                                    },
                                                                    "cpu_time": 0.010972720000000002,
                                                                    "operator_name": "UNGROUPED_AGGREGATE",
                                                                    "result_set_size": 16,
                                                                    "total_bytes_read": 0,
                                                                    "total_bytes_written": 0,
                                                                    "children": [
                                                                        {
                                                                            "operator_timing": 1.61e-7,
                                                                            "operator_rows_scanned": 0,
                                                                            "cumulative_rows_scanned": 11351550,
                                                                            "operator_cardinality": 1,
                                                                            "operator_type": "PROJECTION",
                                                                            "cumulative_cardinality": 2270313,
                                                                            "extra_info": {
                                                                                "Projections": "#0",
                                                                                "Estimated Cardinality": "1"
                                                                            },
                                                                            "cpu_time": 0.010970356000000002,
                                                                            "operator_name": "PROJECTION",
                                                                            "result_set_size": 8,
                                                                            "total_bytes_read": 0,
                                                                            "total_bytes_written": 0,
                                                                            "children": [
                                                                                {
                                                                                    "operator_timing": 0.000001603,
                                                                                    "operator_rows_scanned": 0,
                                                                                    "cumulative_rows_scanned": 11351550,
                                                                                    "operator_cardinality": 1,
                                                                                    "operator_type": "PROJECTION",
                                                                                    "cumulative_cardinality": 2270312,
                                                                                    "extra_info": {
                                                                                        "Projections": "(avg(HR) + stddev(HR))",
                                                                                        "Estimated Cardinality": "1"
                                                                                    },
                                                                                    "cpu_time": 0.010970195000000002,
                                                                                    "operator_name": "PROJECTION",
                                                                                    "result_set_size": 8,
                                                                                    "total_bytes_read": 0,
                                                                                    "total_bytes_written": 0,
                                                                                    "children": [
                                                                                        {
                                                                                            "operator_timing": 0.008343593000000002,
                                                                                            "operator_rows_scanned": 0,
                                                                                            "cumulative_rows_scanned": 11351550,
                                                                                            "operator_cardinality": 1,
                                                                                            "operator_type": "UNGROUPED_AGGREGATE",
                                                                                            "cumulative_cardinality": 2270311,
                                                                                            "extra_info": {
                                                                                                "Aggregates": [
                                                                                                    "avg(#0)",
                                                                                                    "stddev(#1)"
                                                                                                ]
                                                                                            },
                                                                                            "cpu_time": 0.010968592000000003,
                                                                                            "operator_name": "UNGROUPED_AGGREGATE",
                                                                                            "result_set_size": 16,
                                                                                            "total_bytes_read": 0,
                                                                                            "total_bytes_written": 0,
                                                                                            "children": [
                                                                                                {
                                                                                                    "operator_timing": 0.00008796300000000004,
                                                                                                    "operator_rows_scanned": 0,
                                                                                                    "cumulative_rows_scanned": 11351550,
                                                                                                    "operator_cardinality": 1135155,
                                                                                                    "operator_type": "PROJECTION",
                                                                                                    "cumulative_cardinality": 2270310,
                                                                                                    "extra_info": {
                                                                                                        "Projections": [
                                                                                                            "HR",
                                                                                                            "HR"
                                                                                                        ],
                                                                                                        "Estimated Cardinality": "1135155"
                                                                                                    },
                                                                                                    "cpu_time": 0.0026249990000000003,
                                                                                                    "operator_name": "PROJECTION",
                                                                                                    "result_set_size": 18162480,
                                                                                                    "total_bytes_read": 0,
                                                                                                    "total_bytes_written": 0,
                                                                                                    "children": [
                                                                                                        {
                                                                                                            "operator_timing": 0.0025370360000000003,
                                                                                                            "operator_rows_scanned": 11351550,
                                                                                                            "cumulative_rows_scanned": 11351550,
                                                                                                            "operator_cardinality": 1135155,
                                                                                                            "operator_type": "TABLE_SCAN",
                                                                                                            "cumulative_cardinality": 1135155,
                                                                                                            "extra_info": {
                                                                                                                "Table": "hrm",
                                                                                                                "Type": "Sequential Scan",
                                                                                                                "Projections": "HR",
                                                                                                                "Estimated Cardinality": "1135155"
                                                                                                            },
                                                                                                            "cpu_time": 0.0025370360000000003,
                                                                                                            "operator_name": "SEQ_SCAN ",
                                                                                                            "result_set_size": 9081240,
                                                                                                            "total_bytes_read": 0,
                                                                                                            "total_bytes_written": 0,
                                                                                                            "children": []
                                                                                                        }
                                                                                                    ]
                                                                                                }
                                                                                            ]
                                                                                        }
                                                                                    ]
                                                                                }
                                                                            ]
                                                                        }
                                                                    ]
                                                                }
                                                            ]
                                                        }
                                                    ]
                                                }
                                            ]
                                        }
                                    ]
                                }
                            ]
                        }
                    ]
                }
            ]
        }
    ]
}