{
    "all_optimizers": 0.0009167779999999999,
    "cumulative_optimizer_timing": 0.000915616,
    "planner": 0.0010667349999999999,
    "planner_binding": 0.001062899,
    "physical_planner": 0.000183263,
    "physical_planner_column_binding": 0.000028978,
    "physical_planner_resolve_types": 0.000001693,
    "physical_planner_create_plan": 0.000146532,
    "optimizer_common_subexpressions": 0.000060741,
    "optimizer_statistics_propagation": 0.000169911,
    "optimizer_unused_columns": 0.000023629,
    "optimizer_unnest_rewriter": 0.000002023,
    "optimizer_deliminator": 0.000001393,
    "optimizer_join_order": 0.000230231,
    "optimizer_in_clause": 0.000003346,
    "optimizer_regex_range": 8.81e-7,
    "optimizer_cte_filter_pusher": 0.000002163,
    "optimizer_empty_result_pullup": 0.000001783,
    "optimizer_filter_pushdown": 0.000081956,
    "optimizer_filter_pullup": 0.000016066,
    "optimizer_expression_rewriter": 0.000147354,
    "optimizer_common_aggregate": 0.000007252,
    "optimizer_column_lifetime": 0.000045194,
    "optimizer_build_side_probe_side": 0.000036811,
    "optimizer_limit_pushdown": 0.000001402,
    "cumulative_rows_scanned": 22713392,
    "cumulative_cardinality": 4781520,
    "extra_info": {},
    "cpu_time": 0.22811408600000002,
    "system_peak_temp_dir_size": 0,
    "optimizer_compressed_materialization": 0.0,
    "system_peak_buffer_memory": 52658176,
    "optimizer_top_n": 0.000001373,
    "blocked_thread_time": 0.0,
    "query_name": "\nSELECT \n    time_bucket(INTERVAL '1m', h.ts) AS time_interval,\n    AVG(h.HR) AS interval_HR, \n    MAX(p.steps) - MIN(p.steps) AS interval_steps,\n    MAX(p.calories) - MIN(p.calories) AS interval_calories,\n    CASE WHEN (interval_steps < 10 AND interval_HR > (SELECT AVG(HR) + STDDEV(HR) FROM hrm)) THEN 1 ELSE 0 END AS anomaly_flag\nFROM hrm AS h\nJOIN ped AS p\n    ON time_bucket(INTERVAL '1m', h.ts) = time_bucket(INTERVAL '1m', p.ts)\nGROUP BY time_bucket(INTERVAL '1m', h.ts)\nORDER BY time_bucket(INTERVAL '1m', h.ts);\n",
    "result_set_size": 187200,
    "latency": 0.048495728,
    "rows_returned": 5200,
    "total_bytes_read": 0,
    "optimizer_duplicate_groups": 0.000011669,
    "total_bytes_written": 0,
    "optimizer_reorder_filter": 0.000008304,
    "optimizer_cte_inlining": 0.000011820999999999999,
    "optimizer_late_materialization": 0.000019713,
    "optimizer_sum_rewriter": 0.000014023,
    "optimizer_materialized_cte": 0.0,
    "optimizer_extension": 0.0,
    "optimizer_join_filter_pushdown": 0.000015876,
    "optimizer_sampling_pushdown": 7.01e-7,
    "children": [
        {
            "operator_timing": 0.000017359,
            "operator_rows_scanned": 0,
            "cumulative_rows_scanned": 22713392,
            "operator_cardinality": 5200,
            "operator_type": "PROJECTION",
            "cumulative_cardinality": 4781520,
            "extra_info": {
                "Projections": [
                    "#0",
                    "#1",
                    "#2",
                    "#3",
                    "__internal_decompress_integral_integer(#4, 0)"
                ],
                "Estimated Cardinality": "7266"
            },
            "cpu_time": 0.22811408600000002,
            "operator_name": "PROJECTION",
            "result_set_size": 187200,
            "total_bytes_read": 0,
            "total_bytes_written": 0,
            "children": [
                {
                    "operator_timing": 0.0025415950000000002,
                    "operator_rows_scanned": 0,
                    "cumulative_rows_scanned": 22713392,
                    "operator_cardinality": 5200,
                    "operator_type": "ORDER_BY",
                    "cumulative_cardinality": 4776320,
                    "extra_info": {
                        "Order By": "time_bucket(CAST('1m' AS INTERVAL), h.ts) ASC"
                    },
                    "cpu_time": 0.22809672700000003,
                    "operator_name": "ORDER_BY",
                    "result_set_size": 171600,
                    "total_bytes_read": 0,
                    "total_bytes_written": 0,
                    "children": [
                        {
                            "operator_timing": 0.00008994700000000001,
                            "operator_rows_scanned": 0,
                            "cumulative_rows_scanned": 22713392,
                            "operator_cardinality": 5200,
                            "operator_type": "PROJECTION",
                            "cumulative_cardinality": 4771120,
                            "extra_info": {
                                "Projections": [
                                    "#0",
                                    "#1",
                                    "#2",
                                    "#3",
                                    "__internal_compress_integral_utinyint(#4, 0)"
                                ],
                                "Estimated Cardinality": "7266"
                            },
                            "cpu_time": 0.22555513200000002,
                            "operator_name": "PROJECTION",
                            "result_set_size": 171600,
                            "total_bytes_read": 0,
                            "total_bytes_written": 0,
                            "children": [
                                {
                                    "operator_timing": 0.000651829,
                                    "operator_rows_scanned": 0,
                                    "cumulative_rows_scanned": 22713392,
                                    "operator_cardinality": 5200,
                                    "operator_type": "PROJECTION",
                                    "cumulative_cardinality": 4765920,
                                    "extra_info": {
                                        "Projections": [
                                            "time_interval",
                                            "interval_HR",
                                            "interval_steps",
                                            "interval_calories",
                                            "anomaly_flag"
                                        ],
                                        "Estimated Cardinality": "7266"
                                    },
                                    "cpu_time": 0.225465185,
                                    "operator_name": "PROJECTION",
                                    "result_set_size": 187200,
                                    "total_bytes_read": 0,
                                    "total_bytes_written": 0,
                                    "children": [
                                        {
                                            "operator_timing": 0.000183813,
                                            "operator_rows_scanned": 0,
                                            "cumulative_rows_scanned": 22713392,
                                            "operator_cardinality": 5200,
                                            "operator_type": "PROJECTION",
                                            "cumulative_cardinality": 4760720,
                                            "extra_info": {
                                                "Projections": [
                                                    "time_interval",
                                                    "interval_HR",
                                                    "interval_steps",
                                                    "max(calories)",
                                                    "min(calories)",
                                                    "SUBQUERY"
                                                ],
                                                "Estimated Cardinality": "7266"
                                            },
                                            "cpu_time": 0.22481335600000002,
                                            "operator_name": "PROJECTION",
                                            "result_set_size": 249600,
                                            "total_bytes_read": 0,
                                            "total_bytes_written": 0,
                                            "children": [
                                                {
                                                    "operator_timing": 0.00048175800000000005,
                                                    "operator_rows_scanned": 0,
                                                    "cumulative_rows_scanned": 22713392,
                                                    "operator_cardinality": 5200,
                                                    "operator_type": "CROSS_PRODUCT",
                                                    "cumulative_cardinality": 4755520,
                                                    "extra_info": {},
                                                    "cpu_time": 0.22462954300000001,
                                                    "operator_name": "CROSS_PRODUCT",
                                                    "result_set_size": 291200,
                                                    "total_bytes_read": 0,
                                                    "total_bytes_written": 0,
                                                    "children": [
                                                        {
                                                            "operator_timing": 0.060776084000000015,
                                                            "operator_rows_scanned": 0,
                                                            "cumulative_rows_scanned": 11361842,
                                                            "operator_cardinality": 5200,
                                                            "operator_type": "HASH_GROUP_BY",
                                                            "cumulative_cardinality": 2480005,
                                                            "extra_info": {
                                                                "Groups": "#0",
                                                                "Aggregates": [
                                                                    "avg(#1)",
                                                                    "max(#2)",
                                                                    "min(#3)",
                                                                    "max(#4)",
                                                                    "min(#5)"
                                                                ],
                                                                "Estimated Cardinality": "7266"
                                                            },
                                                            "cpu_time": 0.19955554600000003,
                                                            "operator_name": "HASH_GROUP_BY",
                                                            "result_set_size": 249600,
                                                            "total_bytes_read": 0,
                                                            "total_bytes_written": 0,
                                                            "children": [
                                                                {
                                                                    "operator_timing": 0.035648314,
                                                                    "operator_rows_scanned": 0,
                                                                    "cumulative_rows_scanned": 11361842,
                                                                    "operator_cardinality": 664679,
                                                                    "operator_type": "PROJECTION",
                                                                    "cumulative_cardinality": 2474805,
                                                                    "extra_info": {
                                                                        "Projections": [
                                                                            "time_bucket('00:01:00'::INTERVAL, CAST(ts AS TIMESTAMP))",
                                                                            "HR",
                                                                            "steps",
                                                                            "steps",
                                                                            "calories",
                                                                            "calories"
                                                                        ],
                                                                        "Estimated Cardinality": "14533"
                                                                    },
                                                                    "cpu_time": 0.13877946200000002,
                                                                    "operator_name": "PROJECTION",
                                                                    "result_set_size": 31904592,
                                                                    "total_bytes_read": 0,
                                                                    "total_bytes_written": 0,
                                                                    "children": [
                                                                        {
                                                                            "operator_timing": 0.08505379500000002,
                                                                            "operator_rows_scanned": 0,
                                                                            "cumulative_rows_scanned": 11361842,
                                                                            "operator_cardinality": 664679,
                                                                            "operator_type": "HASH_JOIN",
                                                                            "cumulative_cardinality": 1810126,
                                                                            "extra_info": {
                                                                                "Join Type": "INNER",
                                                                                "Conditions": "time_bucket('00:01:00'::INTERVAL, CAST(ts AS TIMESTAMP)) = time_bucket('00:01:00'::INTERVAL, CAST(ts AS TIMESTAMP))",
                                                                                "Estimated Cardinality": "14533"
                                                                            },
                                                                            "cpu_time": 0.10313114800000002,
                                                                            "operator_name": "HASH_JOIN",
                                                                            "result_set_size": 21269728,
                                                                            "total_bytes_read": 0,
                                                                            "total_bytes_written": 0,
                                                                            "children": [
                                                                                {
                                                                                    "operator_timing": 0.017334193,
                                                                                    "operator_rows_scanned": 11351550,
                                                                                    "cumulative_rows_scanned": 11351550,
                                                                                    "operator_cardinality": 1135155,
                                                                                    "operator_type": "TABLE_SCAN",
                                                                                    "cumulative_cardinality": 1135155,
                                                                                    "extra_info": {
                                                                                        "Table": "hrm",
                                                                                        "Type": "Sequential Scan",
                                                                                        "Projections": [
                                                                                            "ts",
                                                                                            "HR"
                                                                                        ],
                                                                                        "Estimated Cardinality": "1135155"
                                                                                    },
                                                                                    "cpu_time": 0.017334193,
                                                                                    "operator_name": "SEQ_SCAN ",
                                                                                    "result_set_size": 18162480,
                                                                                    "total_bytes_read": 0,
                                                                                    "total_bytes_written": 0,
                                                                                    "children": []
                                                                                },
                                                                                {
                                                                                    "operator_timing": 0.0007431600000000001,
                                                                                    "operator_rows_scanned": 10292,
                                                                                    "cumulative_rows_scanned": 10292,
                                                                                    "operator_cardinality": 10292,
                                                                                    "operator_type": "TABLE_SCAN",
                                                                                    "cumulative_cardinality": 10292,
                                                                                    "extra_info": {
                                                                                        "Table": "ped",
                                                                                        "Type": "Sequential Scan",
                                                                                        "Projections": [
                                                                                            "ts",
                                                                                            "steps",
                                                                                            "calories"
                                                                                        ],
                                                                                        "Estimated Cardinality": "10292"
                                                                                    },
                                                                                    "cpu_time": 0.0007431600000000001,
                                                                                    "operator_name": "SEQ_SCAN ",
                                                                                    "result_set_size": 247008,
                                                                                    "total_bytes_read": 0,
                                                                                    "total_bytes_written": 0,
                                                                                    "children": []
                                                                                }
                                                                            ]
                                                                        }
                                                                    ]
                                                                }
                                                            ]
                                                        },
                                                        {
                                                            "operator_timing": 0.000020634,
                                                            "operator_rows_scanned": 0,
                                                            "cumulative_rows_scanned": 11351550,
                                                            "operator_cardinality": 1,
                                                            "operator_type": "PROJECTION",
                                                            "cumulative_cardinality": 2270315,
                                                            "extra_info": {
                                                                "Projections": [
                                                                    "CASE  WHEN ((#1 > 1)) THEN (\"error\"('More than one row returned by a subquery used as an expression - scalar subqueries can only return a single row.",
                                                                    "Use \"SET scalar_subquery_error_on_multiple_rows=false\" to revert to previous behavior of returning a random row.')) ELSE #0 END"
                                                                ],
                                                                "Estimated Cardinality": "1"
                                                            },
                                                            "cpu_time": 0.024592238999999995,
                                                            "operator_name": "PROJECTION",
                                                            "result_set_size": 8,
                                                            "total_bytes_read": 0,
                                                            "total_bytes_written": 0,
                                                            "children": [
                                                                {
                                                                    "operator_timing": 0.000027025,
                                                                    "operator_rows_scanned": 0,
                                                                    "cumulative_rows_scanned": 11351550,
                                                                    "operator_cardinality": 1,
                                                                    "operator_type": "UNGROUPED_AGGREGATE",
                                                                    "cumulative_cardinality": 2270314,
                                                                    "extra_info": {
                                                                        "Aggregates": [
                                                                            "\"first\"(#0)",
                                                                            "count_star()"
                                                                        ]
                                                                    },
                                                                    "cpu_time": 0.024571604999999996,
                                                                    "operator_name": "UNGROUPED_AGGREGATE",
                                                                    "result_set_size": 16,
                                                                    "total_bytes_read": 0,
                                                                    "total_bytes_written": 0,
                                                                    "children": [
                                                                        {
                                                                            "operator_timing": 7.01e-7,
                                                                            "operator_rows_scanned": 0,
                                                                            "cumulative_rows_scanned": 11351550,
                                                                            "operator_cardinality": 1,
                                                                            "operator_type": "PROJECTION",
                                                                            "cumulative_cardinality": 2270313,
                                                                            "extra_info": {
                                                                                "Projections": "#0",
                                                                                "Estimated Cardinality": "1"
                                                                            },
                                                                            "cpu_time": 0.024544579999999996,
                                                                            "operator_name": "PROJECTION",
                                                                            "result_set_size": 8,
                                                                            "total_bytes_read": 0,
                                                                            "total_bytes_written": 0,
                                                                            "children": [
                                                                                {
                                                                                    "operator_timing": 0.000013914,
                                                                                    "operator_rows_scanned": 0,
                                                                                    "cumulative_rows_scanned": 11351550,
                                                                                    "operator_cardinality": 1,
                                                                                    "operator_type": "PROJECTION",
                                                                                    "cumulative_cardinality": 2270312,
                                                                                    "extra_info": {
                                                                                        "Projections": "(avg(HR) + stddev(HR))",
                                                                                        "Estimated Cardinality": "1"
                                                                                    },
                                                                                    "cpu_time": 0.024543878999999998,
                                                                                    "operator_name": "PROJECTION",
                                                                                    "result_set_size": 8,
                                                                                    "total_bytes_read": 0,
                                                                                    "total_bytes_written": 0,
                                                                                    "children": [
                                                                                        {
                                                                                            "operator_timing": 0.012465264999999996,
                                                                                            "operator_rows_scanned": 0,
                                                                                            "cumulative_rows_scanned": 11351550,
                                                                                            "operator_cardinality": 1,
                                                                                            "operator_type": "UNGROUPED_AGGREGATE",
                                                                                            "cumulative_cardinality": 2270311,
                                                                                            "extra_info": {
                                                                                                "Aggregates": [
                                                                                                    "avg(#0)",
                                                                                                    "stddev(#1)"
                                                                                                ]
                                                                                            },
                                                                                            "cpu_time": 0.024529964999999997,
                                                                                            "operator_name": "UNGROUPED_AGGREGATE",
                                                                                            "result_set_size": 16,
                                                                                            "total_bytes_read": 0,
                                                                                            "total_bytes_written": 0,
                                                                                            "children": [
                                                                                                {
                                                                                                    "operator_timing": 0.00015101800000000002,
                                                                                                    "operator_rows_scanned": 0,
                                                                                                    "cumulative_rows_scanned": 11351550,
                                                                                                    "operator_cardinality": 1135155,
                                                                                                    "operator_type": "PROJECTION",
                                                                                                    "cumulative_cardinality": 2270310,
                                                                                                    "extra_info": {
                                                                                                        "Projections": [
                                                                                                            "HR",
                                                                                                            "HR"
                                                                                                        ],
                                                                                                        "Estimated Cardinality": "1135155"
                                                                                                    },
                                                                                                    "cpu_time": 0.012064700000000001,
                                                                                                    "operator_name": "PROJECTION",
                                                                                                    "result_set_size": 18162480,
                                                                                                    "total_bytes_read": 0,
                                                                                                    "total_bytes_written": 0,
                                                                                                    "children": [
                                                                                                        {
                                                                                                            "operator_timing": 0.011913682000000002,
                                                                                                            "operator_rows_scanned": 11351550,
                                                                                                            "cumulative_rows_scanned": 11351550,
                                                                                                            "operator_cardinality": 1135155,
                                                                                                            "operator_type": "TABLE_SCAN",
                                                                                                            "cumulative_cardinality": 1135155,
                                                                                                            "extra_info": {
                                                                                                                "Table": "hrm",
                                                                                                                "Type": "Sequential Scan",
                                                                                                                "Projections": "HR",
                                                                                                                "Estimated Cardinality": "1135155"
                                                                                                            },
                                                                                                            "cpu_time": 0.011913682000000002,
                                                                                                            "operator_name": "SEQ_SCAN ",
                                                                                                            "result_set_size": 9081240,
                                                                                                            "total_bytes_read": 0,
                                                                                                            "total_bytes_written": 0,
                                                                                                            "children": []
                                                                                                        }
                                                                                                    ]
                                                                                                }
                                                                                            ]
                                                                                        }
                                                                                    ]
                                                                                }
                                                                            ]
                                                                        }
                                                                    ]
                                                                }
                                                            ]
                                                        }
                                                    ]
                                                }
                                            ]
                                        }
                                    ]
                                }
                            ]
                        }
                    ]
                }
            ]
        }
    ]
}