{
    "all_optimizers": 0.0,
    "cumulative_optimizer_timing": 0.0,
    "planner": 0.000507988,
    "planner_binding": 0.000487829,
    "physical_planner": 0.000063821,
    "physical_planner_column_binding": 0.000010079,
    "physical_planner_resolve_types": 0.000005189,
    "physical_planner_create_plan": 0.000044244,
    "optimizer_common_subexpressions": 0.0,
    "optimizer_statistics_propagation": 0.0,
    "optimizer_unused_columns": 0.0,
    "optimizer_unnest_rewriter": 0.0,
    "optimizer_deliminator": 0.0,
    "optimizer_join_order": 0.0,
    "optimizer_in_clause": 0.0,
    "optimizer_regex_range": 0.0,
    "optimizer_cte_filter_pusher": 0.0,
    "optimizer_empty_result_pullup": 0.0,
    "optimizer_filter_pushdown": 0.0,
    "optimizer_filter_pullup": 0.0,
    "optimizer_expression_rewriter": 0.0,
    "optimizer_common_aggregate": 0.0,
    "optimizer_column_lifetime": 0.0,
    "optimizer_build_side_probe_side": 0.0,
    "optimizer_limit_pushdown": 0.0,
    "cumulative_rows_scanned": 201454734,
    "cumulative_cardinality": 26066357,
    "extra_info": {},
    "cpu_time": 1.0881196929999999,
    "system_peak_temp_dir_size": 0,
    "optimizer_compressed_materialization": 0.0,
    "system_peak_buffer_memory": 313966592,
    "optimizer_top_n": 0.0,
    "blocked_thread_time": 0.0,
    "query_name": "\nWITH HR_intervals AS\n(SELECT \n    time_bucket(INTERVAL '5m', ts) AS time_interval,\n    AVG(HR) as interval_HR\nFROM hrm\nGROUP BY time_interval),\n\nGYR_intervals AS\n(SELECT \n    time_bucket(INTERVAL '5m', ts) AS time_interval,\n    AVG(x*x + y*y + z*z) AS gyr_magnitude\nFROM gyr\nGROUP BY time_interval),\n\nACC_intervals AS\n(SELECT \n    time_bucket(INTERVAL '5m', ts) AS time_interval,\n    AVG(x*x + y*y + z*z) AS acc_magnitude\nFROM acc\nGROUP BY time_interval)\n\nSELECT \n    h.time_interval, h.interval_HR, \n    a.acc_magnitude, g.gyr_magnitude,\n    CASE\n        WHEN h.interval_HR < 80 THEN\n            CASE WHEN a.acc_magnitude < 90 AND g.gyr_magnitude < 5000 THEN 'sitting'\n            ELSE 'light_activity' END\n\n        WHEN h.interval_HR < 110 THEN\n            CASE WHEN a.acc_magnitude < 90 AND g.gyr_magnitude < 5000 THEN 'sitting'\n            ELSE 'light_activity' END\n\n        WHEN h.interval_HR >= 110 THEN \n            CASE WHEN a.acc_magnitude > 110 AND g.gyr_magnitude > 8000 THEN 'heavy_activity'\n            ELSE 'light_activity' END\n        ELSE 'misc'  \n    END AS type_of_activity \nFROM HR_intervals as h \nJOIN ACC_intervals a ON h.time_interval = a.time_interval AND h.time_interval BETWEEN TIMESTAMP '2021-03-14 00:00:00' AND TIMESTAMP '2021-03-21 23:59:59'\nJOIN GYR_intervals g ON h.time_interval = g.time_interval AND g.time_interval BETWEEN TIMESTAMP '2021-03-14 00:00:00' AND TIMESTAMP '2021-03-21 23:59:59'\nORDER BY h.time_interval;\n",
    "result_set_size": 0,
    "latency": 0.074559013,
    "rows_returned": 0,
    "total_bytes_read": 0,
    "optimizer_duplicate_groups": 0.0,
    "total_bytes_written": 0,
    "optimizer_reorder_filter": 0.0,
    "optimizer_cte_inlining": 0.0,
    "optimizer_late_materialization": 0.0,
    "optimizer_sum_rewriter": 0.0,
    "optimizer_materialized_cte": 0.0,
    "optimizer_extension": 0.0,
    "optimizer_join_filter_pushdown": 0.0,
    "optimizer_sampling_pushdown": 0.0,
    "children": [
        {
            "operator_timing": 0.000014097,
            "operator_rows_scanned": 0,
            "cumulative_rows_scanned": 201454734,
            "operator_cardinality": 0,
            "operator_type": "CTE",
            "cumulative_cardinality": 26066357,
            "extra_info": {
                "CTE Name": "HR_intervals",
                "Table Index": "0",
                "Estimated Cardinality": "5957868"
            },
            "cpu_time": 1.0881196929999999,
            "operator_name": "CTE",
            "result_set_size": 0,
            "total_bytes_read": 0,
            "total_bytes_written": 0,
            "children": [
                {
                    "operator_timing": 0.03263641299999999,
                    "operator_rows_scanned": 0,
                    "cumulative_rows_scanned": 11351550,
                    "operator_cardinality": 3929,
                    "operator_type": "HASH_GROUP_BY",
                    "cumulative_cardinality": 2274239,
                    "extra_info": {
                        "Groups": "#0",
                        "Aggregates": "avg(#1)",
                        "Estimated Cardinality": "1135155"
                    },
                    "cpu_time": 0.07347155,
                    "operator_name": "HASH_GROUP_BY",
                    "result_set_size": 62864,
                    "total_bytes_read": 0,
                    "total_bytes_written": 0,
                    "children": [
                        {
                            "operator_timing": 0.036148208,
                            "operator_rows_scanned": 0,
                            "cumulative_rows_scanned": 11351550,
                            "operator_cardinality": 1135155,
                            "operator_type": "PROJECTION",
                            "cumulative_cardinality": 2270310,
                            "extra_info": {
                                "Projections": [
                                    "time_interval",
                                    "HR"
                                ],
                                "Estimated Cardinality": "0"
                            },
                            "cpu_time": 0.040835137,
                            "operator_name": "PROJECTION",
                            "result_set_size": 18162480,
                            "total_bytes_read": 0,
                            "total_bytes_written": 0,
                            "children": [
                                {
                                    "operator_timing": 0.004686929000000001,
                                    "operator_rows_scanned": 11351550,
                                    "cumulative_rows_scanned": 11351550,
                                    "operator_cardinality": 1135155,
                                    "operator_type": "TABLE_SCAN",
                                    "cumulative_cardinality": 1135155,
                                    "extra_info": {
                                        "Table": "hrm",
                                        "Type": "Sequential Scan",
                                        "Projections": "",
                                        "Estimated Cardinality": "0"
                                    },
                                    "cpu_time": 0.004686929000000001,
                                    "operator_name": "SEQ_SCAN ",
                                    "result_set_size": 18162480,
                                    "total_bytes_read": 0,
                                    "total_bytes_written": 0,
                                    "children": []
                                }
                            ]
                        }
                    ]
                },
                {
                    "operator_timing": 0.000013004000000000003,
                    "operator_rows_scanned": 0,
                    "cumulative_rows_scanned": 190103184,
                    "operator_cardinality": 0,
                    "operator_type": "CTE",
                    "cumulative_cardinality": 23792118,
                    "extra_info": {
                        "CTE Name": "GYR_intervals",
                        "Table Index": "8",
                        "Estimated Cardinality": "5957868"
                    },
                    "cpu_time": 1.0146340459999998,
                    "operator_name": "CTE",
                    "result_set_size": 0,
                    "total_bytes_read": 0,
                    "total_bytes_written": 0,
                    "children": [
                        {
                            "operator_timing": 0.1765982859999999,
                            "operator_rows_scanned": 0,
                            "cumulative_rows_scanned": 94777296,
                            "operator_cardinality": 4071,
                            "operator_type": "HASH_GROUP_BY",
                            "cumulative_cardinality": 11851233,
                            "extra_info": {
                                "Groups": "#0",
                                "Aggregates": "avg(#1)",
                                "Estimated Cardinality": "5923581"
                            },
                            "cpu_time": 0.5293968419999999,
                            "operator_name": "HASH_GROUP_BY",
                            "result_set_size": 65136,
                            "total_bytes_read": 0,
                            "total_bytes_written": 0,
                            "children": [
                                {
                                    "operator_timing": 0.30025646899999997,
                                    "operator_rows_scanned": 0,
                                    "cumulative_rows_scanned": 94777296,
                                    "operator_cardinality": 5923581,
                                    "operator_type": "PROJECTION",
                                    "cumulative_cardinality": 11847162,
                                    "extra_info": {
                                        "Projections": [
                                            "time_interval",
                                            "(((x * x) + (y * y)) + (z * z))"
                                        ],
                                        "Estimated Cardinality": "0"
                                    },
                                    "cpu_time": 0.352798556,
                                    "operator_name": "PROJECTION",
                                    "result_set_size": 94777296,
                                    "total_bytes_read": 0,
                                    "total_bytes_written": 0,
                                    "children": [
                                        {
                                            "operator_timing": 0.052542086999999994,
                                            "operator_rows_scanned": 94777296,
                                            "cumulative_rows_scanned": 94777296,
                                            "operator_cardinality": 5923581,
                                            "operator_type": "TABLE_SCAN",
                                            "cumulative_cardinality": 5923581,
                                            "extra_info": {
                                                "Table": "gyr",
                                                "Type": "Sequential Scan",
                                                "Projections": "",
                                                "Estimated Cardinality": "0"
                                            },
                                            "cpu_time": 0.052542086999999994,
                                            "operator_name": "SEQ_SCAN ",
                                            "result_set_size": 189554592,
                                            "total_bytes_read": 0,
                                            "total_bytes_written": 0,
                                            "children": []
                                        }
                                    ]
                                }
                            ]
                        },
                        {
                            "operator_timing": 0.000054184,
                            "operator_rows_scanned": 0,
                            "cumulative_rows_scanned": 95325888,
                            "operator_cardinality": 0,
                            "operator_type": "CTE",
                            "cumulative_cardinality": 11940885,
                            "extra_info": {
                                "CTE Name": "ACC_intervals",
                                "Table Index": "16",
                                "Estimated Cardinality": "5957868"
                            },
                            "cpu_time": 0.4852242,
                            "operator_name": "CTE",
                            "result_set_size": 0,
                            "total_bytes_read": 0,
                            "total_bytes_written": 0,
                            "children": [
                                {
                                    "operator_timing": 0.16562801900000004,
                                    "operator_rows_scanned": 0,
                                    "cumulative_rows_scanned": 95325888,
                                    "operator_cardinality": 4031,
                                    "operator_type": "HASH_GROUP_BY",
                                    "cumulative_cardinality": 11919767,
                                    "extra_info": {
                                        "Groups": "#0",
                                        "Aggregates": "avg(#1)",
                                        "Estimated Cardinality": "5957868"
                                    },
                                    "cpu_time": 0.48424251799999996,
                                    "operator_name": "HASH_GROUP_BY",
                                    "result_set_size": 64496,
                                    "total_bytes_read": 0,
                                    "total_bytes_written": 0,
                                    "children": [
                                        {
                                            "operator_timing": 0.2704678989999999,
                                            "operator_rows_scanned": 0,
                                            "cumulative_rows_scanned": 95325888,
                                            "operator_cardinality": 5957868,
                                            "operator_type": "PROJECTION",
                                            "cumulative_cardinality": 11915736,
                                            "extra_info": {
                                                "Projections": [
                                                    "time_interval",
                                                    "(((x * x) + (y * y)) + (z * z))"
                                                ],
                                                "Estimated Cardinality": "0"
                                            },
                                            "cpu_time": 0.3186144989999999,
                                            "operator_name": "PROJECTION",
                                            "result_set_size": 95325888,
                                            "total_bytes_read": 0,
                                            "total_bytes_written": 0,
                                            "children": [
                                                {
                                                    "operator_timing": 0.0481466,
                                                    "operator_rows_scanned": 95325888,
                                                    "cumulative_rows_scanned": 95325888,
                                                    "operator_cardinality": 5957868,
                                                    "operator_type": "TABLE_SCAN",
                                                    "cumulative_cardinality": 5957868,
                                                    "extra_info": {
                                                        "Table": "acc",
                                                        "Type": "Sequential Scan",
                                                        "Projections": "",
                                                        "Estimated Cardinality": "0"
                                                    },
                                                    "cpu_time": 0.0481466,
                                                    "operator_name": "SEQ_SCAN ",
                                                    "result_set_size": 190651776,
                                                    "total_bytes_read": 0,
                                                    "total_bytes_written": 0,
                                                    "children": []
                                                }
                                            ]
                                        }
                                    ]
                                },
                                {
                                    "operator_timing": 0.000164894,
                                    "operator_rows_scanned": 0,
                                    "cumulative_rows_scanned": 0,
                                    "operator_cardinality": 1040,
                                    "operator_type": "ORDER_BY",
                                    "cumulative_cardinality": 21118,
                                    "extra_info": {
                                        "Order By": "h.time_interval ASC"
                                    },
                                    "cpu_time": 0.0009274979999999999,
                                    "operator_name": "ORDER_BY",
                                    "result_set_size": 49920,
                                    "total_bytes_read": 0,
                                    "total_bytes_written": 0,
                                    "children": [
                                        {
                                            "operator_timing": 0.00006935200000000001,
                                            "operator_rows_scanned": 0,
                                            "cumulative_rows_scanned": 0,
                                            "operator_cardinality": 1040,
                                            "operator_type": "PROJECTION",
                                            "cumulative_cardinality": 20078,
                                            "extra_info": {
                                                "Projections": [
                                                    "time_interval",
                                                    "interval_HR",
                                                    "acc_magnitude",
                                                    "gyr_magnitude",
                                                    "type_of_activity"
                                                ],
                                                "Estimated Cardinality": "0"
                                            },
                                            "cpu_time": 0.0007626039999999998,
                                            "operator_name": "PROJECTION",
                                            "result_set_size": 49920,
                                            "total_bytes_read": 0,
                                            "total_bytes_written": 0,
                                            "children": [
                                                {
                                                    "operator_timing": 0.000015521000000000003,
                                                    "operator_rows_scanned": 0,
                                                    "cumulative_rows_scanned": 0,
                                                    "operator_cardinality": 1040,
                                                    "operator_type": "FILTER",
                                                    "cumulative_cardinality": 19038,
                                                    "extra_info": {
                                                        "Expression": "((time_interval >= CAST('2021-03-14 00:00:00' AS TIMESTAMP)) AND (time_interval <= CAST('2021-03-21 23:59:59' AS TIMESTAMP)))",
                                                        "Estimated Cardinality": "0"
                                                    },
                                                    "cpu_time": 0.0006932519999999999,
                                                    "operator_name": "FILTER",
                                                    "result_set_size": 49920,
                                                    "total_bytes_read": 0,
                                                    "total_bytes_written": 0,
                                                    "children": [
                                                        {
                                                            "operator_timing": 0.000205834,
                                                            "operator_rows_scanned": 0,
                                                            "cumulative_rows_scanned": 0,
                                                            "operator_cardinality": 1040,
                                                            "operator_type": "HASH_JOIN",
                                                            "cumulative_cardinality": 17998,
                                                            "extra_info": {
                                                                "Join Type": "INNER",
                                                                "Conditions": "time_interval = time_interval",
                                                                "Estimated Cardinality": "0"
                                                            },
                                                            "cpu_time": 0.0006777309999999999,
                                                            "operator_name": "HASH_JOIN",
                                                            "result_set_size": 49920,
                                                            "total_bytes_read": 0,
                                                            "total_bytes_written": 0,
                                                            "children": [
                                                                {
                                                                    "operator_timing": 0.000043101,
                                                                    "operator_rows_scanned": 0,
                                                                    "cumulative_rows_scanned": 0,
                                                                    "operator_cardinality": 1045,
                                                                    "operator_type": "FILTER",
                                                                    "cumulative_cardinality": 12887,
                                                                    "extra_info": {
                                                                        "Expression": "((time_interval >= CAST('2021-03-14 00:00:00' AS TIMESTAMP)) AND (time_interval <= CAST('2021-03-21 23:59:59' AS TIMESTAMP)))",
                                                                        "Estimated Cardinality": "0"
                                                                    },
                                                                    "cpu_time": 0.00046758799999999996,
                                                                    "operator_name": "FILTER",
                                                                    "result_set_size": 33440,
                                                                    "total_bytes_read": 0,
                                                                    "total_bytes_written": 0,
                                                                    "children": [
                                                                        {
                                                                            "operator_timing": 0.00031608099999999996,
                                                                            "operator_rows_scanned": 0,
                                                                            "cumulative_rows_scanned": 0,
                                                                            "operator_cardinality": 3882,
                                                                            "operator_type": "HASH_JOIN",
                                                                            "cumulative_cardinality": 11842,
                                                                            "extra_info": {
                                                                                "Join Type": "INNER",
                                                                                "Conditions": "time_interval = time_interval",
                                                                                "Estimated Cardinality": "0"
                                                                            },
                                                                            "cpu_time": 0.000424487,
                                                                            "operator_name": "HASH_JOIN",
                                                                            "result_set_size": 124224,
                                                                            "total_bytes_read": 0,
                                                                            "total_bytes_written": 0,
                                                                            "children": [
                                                                                {
                                                                                    "operator_timing": 0.000004067,
                                                                                    "operator_rows_scanned": 0,
                                                                                    "cumulative_rows_scanned": 0,
                                                                                    "operator_cardinality": 3929,
                                                                                    "operator_type": "CTE_SCAN",
                                                                                    "cumulative_cardinality": 3929,
                                                                                    "extra_info": {
                                                                                        "CTE Index": "0",
                                                                                        "Estimated Cardinality": "0"
                                                                                    },
                                                                                    "cpu_time": 0.000004067,
                                                                                    "operator_name": "CTE_SCAN",
                                                                                    "result_set_size": 62864,
                                                                                    "total_bytes_read": 0,
                                                                                    "total_bytes_written": 0,
                                                                                    "children": []
                                                                                },
                                                                                {
                                                                                    "operator_timing": 0.000104339,
                                                                                    "operator_rows_scanned": 0,
                                                                                    "cumulative_rows_scanned": 0,
                                                                                    "operator_cardinality": 4031,
                                                                                    "operator_type": "CTE_SCAN",
                                                                                    "cumulative_cardinality": 4031,
                                                                                    "extra_info": {
                                                                                        "CTE Index": "16",
                                                                                        "Estimated Cardinality": "0"
                                                                                    },
                                                                                    "cpu_time": 0.000104339,
                                                                                    "operator_name": "CTE_SCAN",
                                                                                    "result_set_size": 64496,
                                                                                    "total_bytes_read": 0,
                                                                                    "total_bytes_written": 0,
                                                                                    "children": []
                                                                                }
                                                                            ]
                                                                        }
                                                                    ]
                                                                },
                                                                {
                                                                    "operator_timing": 0.000004309,
                                                                    "operator_rows_scanned": 0,
                                                                    "cumulative_rows_scanned": 0,
                                                                    "operator_cardinality": 4071,
                                                                    "operator_type": "CTE_SCAN",
                                                                    "cumulative_cardinality": 4071,
                                                                    "extra_info": {
                                                                        "CTE Index": "8",
                                                                        "Estimated Cardinality": "0"
                                                                    },
                                                                    "cpu_time": 0.000004309,
                                                                    "operator_name": "CTE_SCAN",
                                                                    "result_set_size": 65136,
                                                                    "total_bytes_read": 0,
                                                                    "total_bytes_written": 0,
                                                                    "children": []
                                                                }
                                                            ]
                                                        }
                                                    ]
                                                }
                                            ]
                                        }
                                    ]
                                }
                            ]
                        }
                    ]
                }
            ]
        }
    ]
}